<?xml version="1.0" encoding="UTF-8"?>
<coverage generated="1674029641786" clover="3.2.0">
  <project timestamp="1674029641786" name="All files">
    <metrics statements="3" coveredstatements="3" conditionals="2" coveredconditionals="2" methods="1" coveredmethods="1" elements="6" coveredelements="6" complexity="0" loc="3" ncloc="3" packages="1" files="1" classes="1"/>
    <file name="sum.ts" path="/Users/tetianasabanina/Documents/projects/vite_react_ts_vitest/src/sum.ts">
      <metrics statements="3" coveredstatements="3" conditionals="2" coveredconditionals="2" methods="1" coveredmethods="1"/>
      <line num="1" count="1" type="cond" truecount="1" falsecount="0"/>
      <line num="2" count="6" type="cond" truecount="1" falsecount="0"/>
      <line num="3" count="6" type="stmt"/>
    </file>
  </project>
</coverage>
