{"/Users/tetianasabanina/Documents/projects/vite_react_ts_vitest/src/sum.ts": {"path":"/Users/tetianasabanina/Documents/projects/vite_react_ts_vitest/src/sum.ts","all":false,"statementMap":{"0":{"start":{"line":1,"column":0},"end":{"line":1,"column":51}},"1":{"start":{"line":2,"column":0},"end":{"line":2,"column":62}},"2":{"start":{"line":3,"column":0},"end":{"line":3,"column":1}}},"s":{"0":1,"1":6,"2":6},"branchMap":{"0":{"type":"branch","line":1,"loc":{"start":{"line":1,"column":50},"end":{"line":3,"column":1}},"locations":[{"start":{"line":1,"column":50},"end":{"line":3,"column":1}}]},"1":{"type":"branch","line":2,"loc":{"start":{"line":2,"column":24},"end":{"line":2,"column":59}},"locations":[{"start":{"line":2,"column":24},"end":{"line":2,"column":59}}]}},"b":{"0":[6],"1":[8]},"fnMap":{"0":{"name":"sum","decl":{"start":{"line":1,"column":50},"end":{"line":3,"column":1}},"loc":{"start":{"line":1,"column":50},"end":{"line":3,"column":1}},"line":1}},"f":{"0":6}}
}
